<?xml version="1.0" encoding="UTF-8"?>
<testsuite xmlns:xsi="http://www.w3.org/2001/XMLSchema-instance" xsi:noNamespaceSchemaLocation="https://maven.apache.org/surefire/maven-surefire-plugin/xsd/surefire-test-report.xsd" name="TestSuite" time="0.414" tests="3" errors="0" skipped="0" failures="0">
  <properties>
[...]
</properties>
  <testcase name="testInit" classname="pkg.one.TestInit" time="0.015"/>
  <testcase name="test1_2_1" classname="pkg.one.Test1_2" time="0.001"/>
  <testcase name="test2_1_1" classname="pkg.two.Test2_1" time="0.001"/>
</testsuite>